[16:21:53] [Client thread/INFO]: Setting user: Player332
[16:21:57] [Client thread/INFO]: LWJGL Version: 2.9.1
[16:22:04] [Client thread/INFO]: Reloading ResourceManager: Default, FMLFileResourcePack:Forge Mod Loader, FMLFileResourcePack:Minecraft Forge, FMLFileResourcePack:Example Mod, FMLFileResourcePack:test_mod
[16:22:05] [Sound Library Loader/INFO]: Starting up SoundSystem...
[16:22:05] [Thread-9/INFO]: Initializing LWJGL OpenAL
[16:22:05] [Thread-9/INFO]: (The LWJGL binding of OpenAL.  For more information, see http://www.lwjgl.org)
[16:22:06] [Thread-9/INFO]: OpenAL initialized.
[16:22:06] [Sound Library Loader/INFO]: Sound engine started
[16:22:21] [Client thread/INFO]: Created: 512x512 textures-atlas
[16:22:24] [Client thread/INFO]: Reloading ResourceManager: Default, FMLFileResourcePack:Forge Mod Loader, FMLFileResourcePack:Minecraft Forge, FMLFileResourcePack:Example Mod, FMLFileResourcePack:test_mod
[16:22:24] [Client thread/INFO]: SoundSystem shutting down...
[16:22:24] [Client thread/WARN]: Author: Paul Lamb, www.paulscode.com
[16:22:24] [Sound Library Loader/INFO]: Starting up SoundSystem...
[16:22:24] [Thread-11/INFO]: Initializing LWJGL OpenAL
[16:22:24] [Thread-11/INFO]: (The LWJGL binding of OpenAL.  For more information, see http://www.lwjgl.org)
[16:22:25] [Thread-11/INFO]: OpenAL initialized.
[16:22:25] [Sound Library Loader/INFO]: Sound engine started
[16:22:28] [Client thread/INFO]: Created: 512x512 textures-atlas
[16:22:45] [Client thread/INFO]: Stopping!
[16:22:45] [Client thread/INFO]: SoundSystem shutting down...
[16:22:45] [Client thread/WARN]: Author: Paul Lamb, www.paulscode.com
